*** Using Compiler 'V5.06 update 6 (build 750)', folder: 'E:\Keil\core\ARM\ARMCC\Bin'
Build target 'Birth2'
assembling startup_stm32f427xx.s...
compiling adc_dc.c...
..\Core\Src\adc_dc.c(144): warning:  #1035-D: single-precision operand implicitly converted to double-precision
      output                   = ALPHA * output + (1 - ALPHA) * prev_output;
..\Core\Src\adc_dc.c(224): warning:  #1035-D: single-precision operand implicitly converted to double-precision
      output                   = ALPHA * output + (1 - ALPHA) * prev_output;
..\Core\Src\adc_dc.c(304): warning:  #1035-D: single-precision operand implicitly converted to double-precision
      output                   = ALPHA * output + (1 - ALPHA) * prev_output;
..\Core\Src\adc_dc.c(384): warning:  #1035-D: single-precision operand implicitly converted to double-precision
      output                   = ALPHA * output + (1 - ALPHA) * prev_output;
..\Core\Src\adc_dc.c(396): warning:  #1-D: last line of file ends without a newline
  }
..\Core\Src\adc_dc.c: 5 warnings, 0 errors
compiling stm32f4xx_hal_rcc_ex.c...
compiling stm32f4xx_hal_flash_ramfunc.c...
compiling stm32f4xx_hal_can.c...
compiling stm32f4xx_it.c...
compiling stm32f4xx_hal_flash.c...
compiling can.c...
compiling stm32f4xx_hal_timebase_tim.c...
compiling stm32f4xx_hal_flash_ex.c...
compiling usart.c...
compiling main.c...
compiling gpio.c...
compiling stm32f4xx_hal_rcc.c...
compiling freertos.c...
compiling stm32f4xx_hal_msp.c...
compiling croutine.c...
compiling dma.c...
compiling event_groups.c...
compiling list.c...
compiling queue.c...
compiling stream_buffer.c...
compiling tasks.c...
compiling timers.c...
compiling cmsis_os.c...
compiling heap_4.c...
compiling port.c...
compiling stm32f4xx_hal_gpio.c...
compiling stm32f4xx_hal_dma.c...
compiling CAN_receive.c...
compiling stm32f4xx_hal_tim_ex.c...
compiling system_stm32f4xx.c...
compiling bsp_can.c...
compiling stm32f4xx_hal_cortex.c...
compiling stm32f4xx_hal_pwr_ex.c...
compiling stm32f4xx_hal.c...
compiling pid.c...
compiling stm32f4xx_hal_tim.c...
compiling stm32f4xx_hal_exti.c...
compiling stm32f4xx_hal_pwr.c...
compiling stm32f4xx_hal_uart.c...
compiling stm32f4xx_hal_dma_ex.c...
linking...
Program Size: Code=13112 RO-data=572 RW-data=172 ZI-data=18764  
FromELF: creating hex file...
"Birth2\Birth2.axf" - 0 Error(s), 5 Warning(s).
Build Time Elapsed:  00:00:19
